0 info it worked if it ends with ok
1 verbose cli [ 'C:\\Users\\chicl\\AppData\\Local\\.meteor\\packages\\meteor-tool\\1.4.1_1\\mt-os.windows.x86_32\\dev_bundle\\bin\\node.exe',
1 verbose cli   'C:\\Users\\chicl\\AppData\\Local\\.meteor\\packages\\meteor-tool\\1.4.1_1\\mt-os.windows.x86_32\\dev_bundle\\lib\\node_modules\\npm\\bin\\npm-cli.js',
1 verbose cli   'install',
1 verbose cli   '--save',
1 verbose cli   'bcrypt' ]
2 info using npm@3.10.6
3 info using node@v4.5.0
4 silly loadCurrentTree Starting
5 silly install loadCurrentTree
6 silly install readLocalPackageData
7 silly fetchPackageMetaData bcrypt@^0.8.7
8 silly fetchNamedPackageData bcrypt
9 silly mapToRegistry name bcrypt
10 silly mapToRegistry using default registry
11 silly mapToRegistry registry https://registry.npmjs.org/
12 silly mapToRegistry data Result {
12 silly mapToRegistry   raw: 'bcrypt',
12 silly mapToRegistry   scope: null,
12 silly mapToRegistry   escapedName: 'bcrypt',
12 silly mapToRegistry   name: 'bcrypt',
12 silly mapToRegistry   rawSpec: '',
12 silly mapToRegistry   spec: 'latest',
12 silly mapToRegistry   type: 'tag' }
13 silly mapToRegistry uri https://registry.npmjs.org/bcrypt
14 verbose request uri https://registry.npmjs.org/bcrypt
15 verbose request no auth needed
16 info attempt registry request try #1 at 03:51:16
17 verbose request id 5113caa4d3ecf81d
18 verbose etag "398F192FUE7FBCG521B59OFYJ"
19 http request GET https://registry.npmjs.org/bcrypt
20 http 304 https://registry.npmjs.org/bcrypt
21 verbose headers { date: 'Sun, 11 Sep 2016 03:51:15 GMT',
21 verbose headers   via: '1.1 varnish',
21 verbose headers   'cache-control': 'max-age=300',
21 verbose headers   etag: '"398F192FUE7FBCG521B59OFYJ"',
21 verbose headers   age: '199',
21 verbose headers   connection: 'keep-alive',
21 verbose headers   'x-served-by': 'cache-bma7035-BMA',
21 verbose headers   'x-cache': 'HIT',
21 verbose headers   'x-cache-hits': '1',
21 verbose headers   'x-timer': 'S1473565875.845162,VS0,VE0',
21 verbose headers   vary: 'Accept-Encoding' }
22 silly get cb [ 304,
22 silly get   { date: 'Sun, 11 Sep 2016 03:51:15 GMT',
22 silly get     via: '1.1 varnish',
22 silly get     'cache-control': 'max-age=300',
22 silly get     etag: '"398F192FUE7FBCG521B59OFYJ"',
22 silly get     age: '199',
22 silly get     connection: 'keep-alive',
22 silly get     'x-served-by': 'cache-bma7035-BMA',
22 silly get     'x-cache': 'HIT',
22 silly get     'x-cache-hits': '1',
22 silly get     'x-timer': 'S1473565875.845162,VS0,VE0',
22 silly get     vary: 'Accept-Encoding' } ]
23 verbose etag https://registry.npmjs.org/bcrypt from cache
24 verbose get saving bcrypt to C:\Users\chicl\AppData\Roaming\npm-cache\registry.npmjs.org\bcrypt\.cache.json
25 verbose correctMkdir C:\Users\chicl\AppData\Roaming\npm-cache correctMkdir not in flight; initializing
26 silly install normalizeTree
27 silly loadCurrentTree Finishing
28 silly loadIdealTree Starting
29 silly install loadIdealTree
30 silly cloneCurrentTree Starting
31 silly install cloneCurrentTreeToIdealTree
32 silly cloneCurrentTree Finishing
33 silly loadShrinkwrap Starting
34 silly install loadShrinkwrap
35 silly loadShrinkwrap Finishing
36 silly loadAllDepsIntoIdealTree Starting
37 silly install loadAllDepsIntoIdealTree
38 silly resolveWithNewModule bcrypt@0.8.7 checking installable status
39 silly cache add args [ 'bcrypt@^0.8.7', null ]
40 verbose cache add spec bcrypt@^0.8.7
41 silly cache add parsed spec Result {
41 silly cache add   raw: 'bcrypt@^0.8.7',
41 silly cache add   scope: null,
41 silly cache add   escapedName: 'bcrypt',
41 silly cache add   name: 'bcrypt',
41 silly cache add   rawSpec: '^0.8.7',
41 silly cache add   spec: '>=0.8.7 <0.9.0',
41 silly cache add   type: 'range' }
42 silly addNamed bcrypt@>=0.8.7 <0.9.0
43 verbose addNamed ">=0.8.7 <0.9.0" is a valid semver range for bcrypt
44 silly addNameRange { name: 'bcrypt', range: '>=0.8.7 <0.9.0', hasData: false }
45 silly mapToRegistry name bcrypt
46 silly mapToRegistry using default registry
47 silly mapToRegistry registry https://registry.npmjs.org/
48 silly mapToRegistry data Result {
48 silly mapToRegistry   raw: 'bcrypt',
48 silly mapToRegistry   scope: null,
48 silly mapToRegistry   escapedName: 'bcrypt',
48 silly mapToRegistry   name: 'bcrypt',
48 silly mapToRegistry   rawSpec: '',
48 silly mapToRegistry   spec: 'latest',
48 silly mapToRegistry   type: 'tag' }
49 silly mapToRegistry uri https://registry.npmjs.org/bcrypt
50 verbose addNameRange registry:https://registry.npmjs.org/bcrypt not in flight; fetching
51 verbose get https://registry.npmjs.org/bcrypt not expired, no request
52 silly addNameRange number 2 { name: 'bcrypt', range: '>=0.8.7 <0.9.0', hasData: true }
53 silly addNameRange versions [ 'bcrypt',
53 silly addNameRange   [ '0.1.2',
53 silly addNameRange     '0.2.0',
53 silly addNameRange     '0.2.1',
53 silly addNameRange     '0.1.3',
53 silly addNameRange     '0.2.2',
53 silly addNameRange     '0.2.3',
53 silly addNameRange     '0.2.4',
53 silly addNameRange     '0.3.0',
53 silly addNameRange     '0.3.1',
53 silly addNameRange     '0.3.2',
53 silly addNameRange     '0.4.0',
53 silly addNameRange     '0.4.1',
53 silly addNameRange     '0.5.0',
53 silly addNameRange     '0.6.0',
53 silly addNameRange     '0.7.0',
53 silly addNameRange     '0.7.1',
53 silly addNameRange     '0.7.2',
53 silly addNameRange     '0.7.3',
53 silly addNameRange     '0.7.4',
53 silly addNameRange     '0.7.5',
53 silly addNameRange     '0.7.6',
53 silly addNameRange     '0.7.7',
53 silly addNameRange     '0.7.8',
53 silly addNameRange     '0.8.0',
53 silly addNameRange     '0.8.1',
53 silly addNameRange     '0.8.2',
53 silly addNameRange     '0.8.3',
53 silly addNameRange     '0.8.4',
53 silly addNameRange     '0.8.5',
53 silly addNameRange     '0.8.6',
53 silly addNameRange     '0.8.7' ] ]
54 silly addNamed bcrypt@0.8.7
55 verbose addNamed "0.8.7" is a plain semver version for bcrypt
56 silly cache afterAdd bcrypt@0.8.7
57 verbose afterAdd C:\Users\chicl\AppData\Roaming\npm-cache\bcrypt\0.8.7\package\package.json not in flight; writing
58 verbose correctMkdir C:\Users\chicl\AppData\Roaming\npm-cache correctMkdir not in flight; initializing
59 verbose afterAdd C:\Users\chicl\AppData\Roaming\npm-cache\bcrypt\0.8.7\package\package.json written
60 silly fetchNamedPackageData bindings
61 silly mapToRegistry name bindings
62 silly mapToRegistry using default registry
63 silly mapToRegistry registry https://registry.npmjs.org/
64 silly mapToRegistry data Result {
64 silly mapToRegistry   raw: 'bindings',
64 silly mapToRegistry   scope: null,
64 silly mapToRegistry   escapedName: 'bindings',
64 silly mapToRegistry   name: 'bindings',
64 silly mapToRegistry   rawSpec: '',
64 silly mapToRegistry   spec: 'latest',
64 silly mapToRegistry   type: 'tag' }
65 silly mapToRegistry uri https://registry.npmjs.org/bindings
66 silly fetchNamedPackageData nan
67 silly mapToRegistry name nan
68 silly mapToRegistry using default registry
69 silly mapToRegistry registry https://registry.npmjs.org/
70 silly mapToRegistry data Result {
70 silly mapToRegistry   raw: 'nan',
70 silly mapToRegistry   scope: null,
70 silly mapToRegistry   escapedName: 'nan',
70 silly mapToRegistry   name: 'nan',
70 silly mapToRegistry   rawSpec: '',
70 silly mapToRegistry   spec: 'latest',
70 silly mapToRegistry   type: 'tag' }
71 silly mapToRegistry uri https://registry.npmjs.org/nan
72 verbose request uri https://registry.npmjs.org/nan
73 verbose request no auth needed
74 info attempt registry request try #1 at 03:51:17
75 verbose etag "1OOZJAUMBQC59OINHZGMRRCSL"
76 http request GET https://registry.npmjs.org/nan
77 verbose request uri https://registry.npmjs.org/bindings
78 verbose request no auth needed
79 info attempt registry request try #1 at 03:51:17
80 verbose etag "33TX4J3DNTGF7K41ZUV6OA182"
81 http request GET https://registry.npmjs.org/bindings
82 http 304 https://registry.npmjs.org/nan
83 verbose headers { date: 'Sun, 11 Sep 2016 03:51:16 GMT',
83 verbose headers   via: '1.1 varnish',
83 verbose headers   'cache-control': 'max-age=300',
83 verbose headers   etag: '"1OOZJAUMBQC59OINHZGMRRCSL"',
83 verbose headers   age: '199',
83 verbose headers   connection: 'keep-alive',
83 verbose headers   'x-served-by': 'cache-bma7035-BMA',
83 verbose headers   'x-cache': 'HIT',
83 verbose headers   'x-cache-hits': '1',
83 verbose headers   'x-timer': 'S1473565876.340427,VS0,VE0',
83 verbose headers   vary: 'Accept-Encoding' }
84 silly get cb [ 304,
84 silly get   { date: 'Sun, 11 Sep 2016 03:51:16 GMT',
84 silly get     via: '1.1 varnish',
84 silly get     'cache-control': 'max-age=300',
84 silly get     etag: '"1OOZJAUMBQC59OINHZGMRRCSL"',
84 silly get     age: '199',
84 silly get     connection: 'keep-alive',
84 silly get     'x-served-by': 'cache-bma7035-BMA',
84 silly get     'x-cache': 'HIT',
84 silly get     'x-cache-hits': '1',
84 silly get     'x-timer': 'S1473565876.340427,VS0,VE0',
84 silly get     vary: 'Accept-Encoding' } ]
85 verbose etag https://registry.npmjs.org/nan from cache
86 verbose get saving nan to C:\Users\chicl\AppData\Roaming\npm-cache\registry.npmjs.org\nan\.cache.json
87 verbose correctMkdir C:\Users\chicl\AppData\Roaming\npm-cache correctMkdir not in flight; initializing
88 silly resolveWithNewModule nan@2.3.5 checking installable status
89 silly cache add args [ 'nan@2.3.5', null ]
90 verbose cache add spec nan@2.3.5
91 silly cache add parsed spec Result {
91 silly cache add   raw: 'nan@2.3.5',
91 silly cache add   scope: null,
91 silly cache add   escapedName: 'nan',
91 silly cache add   name: 'nan',
91 silly cache add   rawSpec: '2.3.5',
91 silly cache add   spec: '2.3.5',
91 silly cache add   type: 'version' }
92 silly addNamed nan@2.3.5
93 verbose addNamed "2.3.5" is a plain semver version for nan
94 silly mapToRegistry name nan
95 silly mapToRegistry using default registry
96 silly mapToRegistry registry https://registry.npmjs.org/
97 silly mapToRegistry data Result {
97 silly mapToRegistry   raw: 'nan',
97 silly mapToRegistry   scope: null,
97 silly mapToRegistry   escapedName: 'nan',
97 silly mapToRegistry   name: 'nan',
97 silly mapToRegistry   rawSpec: '',
97 silly mapToRegistry   spec: 'latest',
97 silly mapToRegistry   type: 'tag' }
98 silly mapToRegistry uri https://registry.npmjs.org/nan
99 verbose addNameVersion registry:https://registry.npmjs.org/nan not in flight; fetching
100 verbose get https://registry.npmjs.org/nan not expired, no request
101 silly cache afterAdd nan@2.3.5
102 verbose afterAdd C:\Users\chicl\AppData\Roaming\npm-cache\nan\2.3.5\package\package.json not in flight; writing
103 verbose correctMkdir C:\Users\chicl\AppData\Roaming\npm-cache correctMkdir not in flight; initializing
104 verbose afterAdd C:\Users\chicl\AppData\Roaming\npm-cache\nan\2.3.5\package\package.json written
105 http 304 https://registry.npmjs.org/bindings
106 verbose headers { date: 'Sun, 11 Sep 2016 03:51:16 GMT',
106 verbose headers   via: '1.1 varnish',
106 verbose headers   'cache-control': 'max-age=300',
106 verbose headers   etag: '"33TX4J3DNTGF7K41ZUV6OA182"',
106 verbose headers   age: '199',
106 verbose headers   connection: 'keep-alive',
106 verbose headers   'x-served-by': 'cache-bma7030-BMA',
106 verbose headers   'x-cache': 'HIT',
106 verbose headers   'x-cache-hits': '1',
106 verbose headers   'x-timer': 'S1473565876.596094,VS0,VE0',
106 verbose headers   vary: 'Accept-Encoding' }
107 silly get cb [ 304,
107 silly get   { date: 'Sun, 11 Sep 2016 03:51:16 GMT',
107 silly get     via: '1.1 varnish',
107 silly get     'cache-control': 'max-age=300',
107 silly get     etag: '"33TX4J3DNTGF7K41ZUV6OA182"',
107 silly get     age: '199',
107 silly get     connection: 'keep-alive',
107 silly get     'x-served-by': 'cache-bma7030-BMA',
107 silly get     'x-cache': 'HIT',
107 silly get     'x-cache-hits': '1',
107 silly get     'x-timer': 'S1473565876.596094,VS0,VE0',
107 silly get     vary: 'Accept-Encoding' } ]
108 verbose etag https://registry.npmjs.org/bindings from cache
109 verbose get saving bindings to C:\Users\chicl\AppData\Roaming\npm-cache\registry.npmjs.org\bindings\.cache.json
110 verbose correctMkdir C:\Users\chicl\AppData\Roaming\npm-cache correctMkdir not in flight; initializing
111 silly resolveWithNewModule bindings@1.2.1 checking installable status
112 silly cache add args [ 'bindings@1.2.1', null ]
113 verbose cache add spec bindings@1.2.1
114 silly cache add parsed spec Result {
114 silly cache add   raw: 'bindings@1.2.1',
114 silly cache add   scope: null,
114 silly cache add   escapedName: 'bindings',
114 silly cache add   name: 'bindings',
114 silly cache add   rawSpec: '1.2.1',
114 silly cache add   spec: '1.2.1',
114 silly cache add   type: 'version' }
115 silly addNamed bindings@1.2.1
116 verbose addNamed "1.2.1" is a plain semver version for bindings
117 silly mapToRegistry name bindings
118 silly mapToRegistry using default registry
119 silly mapToRegistry registry https://registry.npmjs.org/
120 silly mapToRegistry data Result {
120 silly mapToRegistry   raw: 'bindings',
120 silly mapToRegistry   scope: null,
120 silly mapToRegistry   escapedName: 'bindings',
120 silly mapToRegistry   name: 'bindings',
120 silly mapToRegistry   rawSpec: '',
120 silly mapToRegistry   spec: 'latest',
120 silly mapToRegistry   type: 'tag' }
121 silly mapToRegistry uri https://registry.npmjs.org/bindings
122 verbose addNameVersion registry:https://registry.npmjs.org/bindings not in flight; fetching
123 verbose get https://registry.npmjs.org/bindings not expired, no request
124 silly cache afterAdd bindings@1.2.1
125 verbose afterAdd C:\Users\chicl\AppData\Roaming\npm-cache\bindings\1.2.1\package\package.json not in flight; writing
126 verbose correctMkdir C:\Users\chicl\AppData\Roaming\npm-cache correctMkdir not in flight; initializing
127 verbose afterAdd C:\Users\chicl\AppData\Roaming\npm-cache\bindings\1.2.1\package\package.json written
128 silly loadAllDepsIntoIdealTree Finishing
129 silly loadIdealTree Finishing
130 silly currentTree meteor-react@
130 silly currentTree +-- abbrev@1.0.9
130 silly currentTree +-- acorn-jsx@3.0.1
130 silly currentTree +-- acorn@3.3.0
130 silly currentTree +-- ansi-escapes@1.4.0
130 silly currentTree +-- ansi-regex@2.0.0
130 silly currentTree +-- ansi-styles@2.2.1
130 silly currentTree +-- aproba@1.0.4
130 silly currentTree +-- are-we-there-yet@1.1.2
130 silly currentTree +-- argparse@1.0.7
130 silly currentTree +-- array-index@1.0.0
130 silly currentTree +-- array-union@1.0.2
130 silly currentTree +-- array-uniq@1.0.3
130 silly currentTree +-- arrify@1.0.1
130 silly currentTree +-- asap@2.0.4
130 silly currentTree +-- asn1@0.2.3
130 silly currentTree +-- assert-plus@0.2.0
130 silly currentTree +-- async@2.0.1
130 silly currentTree +-- aws-sign2@0.6.0
130 silly currentTree +-- aws4@1.4.1
130 silly currentTree +-- babel-runtime@6.11.6
130 silly currentTree | `-- core-js@2.4.1
130 silly currentTree +-- balanced-match@0.4.2
130 silly currentTree +-- bcrypt-pbkdf@1.0.0
130 silly currentTree | `-- tweetnacl@0.14.3
130 silly currentTree +-- bl@1.1.2
130 silly currentTree +-- block-stream@0.0.9
130 silly currentTree +-- bluebird@3.4.6
130 silly currentTree +-- boom@2.10.1
130 silly currentTree +-- brace-expansion@1.1.6
130 silly currentTree +-- caller-path@0.1.0
130 silly currentTree +-- callsites@0.2.0
130 silly currentTree +-- caseless@0.11.0
130 silly currentTree +-- chalk@1.1.3
130 silly currentTree +-- circular-json@0.3.1
130 silly currentTree +-- classnames@2.2.5
130 silly currentTree +-- cli-cursor@1.0.2
130 silly currentTree +-- cli-width@2.1.0
130 silly currentTree +-- code-point-at@1.0.0
130 silly currentTree +-- combined-stream@1.0.5
130 silly currentTree +-- commander@2.9.0
130 silly currentTree +-- concat-map@0.0.1
130 silly currentTree +-- concat-stream@1.5.2
130 silly currentTree +-- console-control-strings@1.1.0
130 silly currentTree +-- core-js@1.2.7
130 silly currentTree +-- core-util-is@1.0.2
130 silly currentTree +-- cryptiles@2.0.5
130 silly currentTree +-- d@0.1.1
130 silly currentTree +-- dashdash@1.14.0
130 silly currentTree | `-- assert-plus@1.0.0
130 silly currentTree +-- debug@2.2.0
130 silly currentTree +-- deep-is@0.1.3
130 silly currentTree +-- del@2.2.2
130 silly currentTree +-- delayed-stream@1.0.0
130 silly currentTree +-- delegates@1.0.0
130 silly currentTree +-- doctrine@1.3.0
130 silly currentTree +-- domready@1.0.8
130 silly currentTree +-- ecc-jsbn@0.1.1
130 silly currentTree +-- encoding@0.1.12
130 silly currentTree +-- es5-ext@0.10.12
130 silly currentTree +-- es6-iterator@2.0.0
130 silly currentTree +-- es6-map@0.1.4
130 silly currentTree +-- es6-set@0.1.4
130 silly currentTree +-- es6-symbol@3.1.0
130 silly currentTree +-- es6-weak-map@2.0.1
130 silly currentTree +-- escape-string-regexp@1.0.5
130 silly currentTree +-- escope@3.6.0
130 silly currentTree +-- eslint-plugin-react@6.2.0
130 silly currentTree +-- eslint@3.5.0
130 silly currentTree +-- espree@3.1.7
130 silly currentTree +-- esprima@2.7.3
130 silly currentTree +-- esrecurse@4.1.0
130 silly currentTree | `-- estraverse@4.1.1
130 silly currentTree +-- estraverse@4.2.0
130 silly currentTree +-- esutils@2.0.2
130 silly currentTree +-- event-emitter@0.3.4
130 silly currentTree +-- exit-hook@1.1.1
130 silly currentTree +-- extend@3.0.0
130 silly currentTree +-- extsprintf@1.0.2
130 silly currentTree +-- fast-levenshtein@1.1.4
130 silly currentTree +-- fbjs@0.8.4
130 silly currentTree +-- figures@1.7.0
130 silly currentTree +-- file-entry-cache@2.0.0
130 silly currentTree +-- flat-cache@1.2.1
130 silly currentTree +-- forever-agent@0.6.1
130 silly currentTree +-- form-data@1.0.1
130 silly currentTree +-- fs.realpath@1.0.0
130 silly currentTree +-- fstream@1.0.10
130 silly currentTree +-- gauge@2.6.0
130 silly currentTree +-- generate-function@2.0.0
130 silly currentTree +-- generate-object-property@1.2.0
130 silly currentTree +-- getpass@0.1.6
130 silly currentTree | `-- assert-plus@1.0.0
130 silly currentTree +-- glob@7.0.6
130 silly currentTree +-- globals@9.10.0
130 silly currentTree +-- globby@5.0.0
130 silly currentTree +-- graceful-fs@4.1.6
130 silly currentTree +-- graceful-readlink@1.0.1
130 silly currentTree +-- har-validator@2.0.6
130 silly currentTree +-- has-ansi@2.0.0
130 silly currentTree +-- has-color@0.1.7
130 silly currentTree +-- has-unicode@2.0.1
130 silly currentTree +-- hawk@3.1.3
130 silly currentTree +-- hoek@2.16.3
130 silly currentTree +-- http-signature@1.1.1
130 silly currentTree +-- iconv-lite@0.4.13
130 silly currentTree +-- ignore@3.1.5
130 silly currentTree +-- immutable@3.8.1
130 silly currentTree +-- imurmurhash@0.1.4
130 silly currentTree +-- inflight@1.0.5
130 silly currentTree +-- inherits@2.0.3
130 silly currentTree +-- inquirer@0.12.0
130 silly currentTree +-- is-fullwidth-code-point@1.0.0
130 silly currentTree +-- is-my-json-valid@2.13.1
130 silly currentTree +-- is-path-cwd@1.0.0
130 silly currentTree +-- is-path-in-cwd@1.0.0
130 silly currentTree +-- is-path-inside@1.0.0
130 silly currentTree +-- is-property@1.0.2
130 silly currentTree +-- is-resolvable@1.0.0
130 silly currentTree +-- is-stream@1.1.0
130 silly currentTree +-- is-typedarray@1.0.0
130 silly currentTree +-- isarray@1.0.0
130 silly currentTree +-- isexe@1.1.2
130 silly currentTree +-- isomorphic-fetch@2.2.1
130 silly currentTree +-- isstream@0.1.2
130 silly currentTree +-- jodid25519@1.0.2
130 silly currentTree +-- js-tokens@1.0.3
130 silly currentTree +-- js-yaml@3.6.1
130 silly currentTree +-- jsbn@0.1.0
130 silly currentTree +-- json-schema@0.2.2
130 silly currentTree +-- json-stable-stringify@1.0.1
130 silly currentTree +-- json-stringify-safe@5.0.1
130 silly currentTree +-- jsonify@0.0.0
130 silly currentTree +-- jsonpointer@2.0.0
130 silly currentTree +-- jsprim@1.3.0
130 silly currentTree +-- jsx-ast-utils@1.3.1
130 silly currentTree +-- levn@0.3.0
130 silly currentTree +-- lodash@4.15.0
130 silly currentTree +-- loose-envify@1.2.0
130 silly currentTree +-- meteor-node-stubs@0.2.3
130 silly currentTree | +-- assert@1.3.0
130 silly currentTree | +-- browserify-zlib@0.1.4
130 silly currentTree | | `-- pako@0.2.8
130 silly currentTree | +-- buffer@4.5.1
130 silly currentTree | | +-- base64-js@1.1.2
130 silly currentTree | | +-- ieee754@1.1.6
130 silly currentTree | | `-- isarray@1.0.0
130 silly currentTree | +-- console-browserify@1.1.0
130 silly currentTree | | `-- date-now@0.1.4
130 silly currentTree | +-- constants-browserify@1.0.0
130 silly currentTree | +-- crypto-browserify@3.11.0
130 silly currentTree | | +-- browserify-cipher@1.0.0
130 silly currentTree | | | +-- browserify-aes@1.0.6
130 silly currentTree | | | | +-- buffer-xor@1.0.3
130 silly currentTree | | | | `-- cipher-base@1.0.2
130 silly currentTree | | | +-- browserify-des@1.0.0
130 silly currentTree | | | | +-- cipher-base@1.0.2
130 silly currentTree | | | | `-- des.js@1.0.0
130 silly currentTree | | | |   `-- minimalistic-assert@1.0.0
130 silly currentTree | | | `-- evp_bytestokey@1.0.0
130 silly currentTree | | +-- browserify-sign@4.0.0
130 silly currentTree | | | +-- bn.js@4.11.1
130 silly currentTree | | | +-- browserify-rsa@4.0.1
130 silly currentTree | | | +-- elliptic@6.2.3
130 silly currentTree | | | | +-- brorand@1.0.5
130 silly currentTree | | | | `-- hash.js@1.0.3
130 silly currentTree | | | `-- parse-asn1@5.0.0
130 silly currentTree | | |   +-- asn1.js@4.5.2
130 silly currentTree | | |   | `-- minimalistic-assert@1.0.0
130 silly currentTree | | |   +-- browserify-aes@1.0.6
130 silly currentTree | | |   | +-- buffer-xor@1.0.3
130 silly currentTree | | |   | `-- cipher-base@1.0.2
130 silly currentTree | | |   `-- evp_bytestokey@1.0.0
130 silly currentTree | | +-- create-ecdh@4.0.0
130 silly currentTree | | | +-- bn.js@4.11.1
130 silly currentTree | | | `-- elliptic@6.2.3
130 silly currentTree | | |   +-- brorand@1.0.5
130 silly currentTree | | |   `-- hash.js@1.0.3
130 silly currentTree | | +-- create-hash@1.1.2
130 silly currentTree | | | +-- cipher-base@1.0.2
130 silly currentTree | | | +-- ripemd160@1.0.1
130 silly currentTree | | | `-- sha.js@2.4.5
130 silly currentTree | | +-- create-hmac@1.1.4
130 silly currentTree | | +-- diffie-hellman@5.0.2
130 silly currentTree | | | +-- bn.js@4.11.1
130 silly currentTree | | | `-- miller-rabin@4.0.0
130 silly currentTree | | |   `-- brorand@1.0.5
130 silly currentTree | | +-- inherits@2.0.1
130 silly currentTree | | +-- pbkdf2@3.0.4
130 silly currentTree | | +-- public-encrypt@4.0.0
130 silly currentTree | | | +-- bn.js@4.11.1
130 silly currentTree | | | +-- browserify-rsa@4.0.1
130 silly currentTree | | | `-- parse-asn1@5.0.0
130 silly currentTree | | |   +-- asn1.js@4.5.2
130 silly currentTree | | |   | `-- minimalistic-assert@1.0.0
130 silly currentTree | | |   +-- browserify-aes@1.0.6
130 silly currentTree | | |   | +-- buffer-xor@1.0.3
130 silly currentTree | | |   | `-- cipher-base@1.0.2
130 silly currentTree | | |   `-- evp_bytestokey@1.0.0
130 silly currentTree | | `-- randombytes@2.0.3
130 silly currentTree | +-- domain-browser@1.1.7
130 silly currentTree | +-- events@1.1.0
130 silly currentTree | +-- http-browserify@1.7.0
130 silly currentTree | | +-- Base64@0.2.1
130 silly currentTree | | `-- inherits@2.0.1
130 silly currentTree | +-- https-browserify@0.0.1
130 silly currentTree | +-- os-browserify@0.2.1
130 silly currentTree | +-- path-browserify@0.0.0
130 silly currentTree | +-- process@0.11.2
130 silly currentTree | +-- punycode@1.4.1
130 silly currentTree | +-- querystring-es3@0.2.1
130 silly currentTree | +-- readable-stream@2.0.6
130 silly currentTree | | +-- core-util-is@1.0.2
130 silly currentTree | | +-- inherits@2.0.1
130 silly currentTree | | +-- isarray@1.0.0
130 silly currentTree | | +-- process-nextick-args@1.0.6
130 silly currentTree | | `-- util-deprecate@1.0.2
130 silly currentTree | +-- stream-browserify@2.0.1
130 silly currentTree | | `-- inherits@2.0.1
130 silly currentTree | +-- string_decoder@0.10.31
130 silly currentTree | +-- timers-browserify@1.4.2
130 silly currentTree | +-- tty-browserify@0.0.0
130 silly currentTree | +-- url@0.11.0
130 silly currentTree | | +-- punycode@1.3.2
130 silly currentTree | | `-- querystring@0.2.0
130 silly currentTree | +-- util@0.10.3
130 silly currentTree | | `-- inherits@2.0.1
130 silly currentTree | `-- vm-browserify@0.0.4
130 silly currentTree |   `-- indexof@0.0.1
130 silly currentTree +-- mime-db@1.23.0
130 silly currentTree +-- mime-types@2.1.11
130 silly currentTree +-- minimatch@3.0.3
130 silly currentTree +-- minimist@0.0.8
130 silly currentTree +-- mkdirp@0.5.1
130 silly currentTree +-- ms@0.7.1
130 silly currentTree +-- mute-stream@0.0.5
130 silly currentTree +-- natural-compare@1.4.0
130 silly currentTree +-- node-fetch@1.6.0
130 silly currentTree +-- node-gyp@3.4.0
130 silly currentTree +-- node-uuid@1.4.7
130 silly currentTree +-- nopt@3.0.6
130 silly currentTree +-- npmlog@3.1.2
130 silly currentTree +-- number-is-nan@1.0.0
130 silly currentTree +-- oauth-sign@0.8.2
130 silly currentTree +-- object-assign@4.1.0
130 silly currentTree +-- once@1.4.0
130 silly currentTree +-- onetime@1.1.0
130 silly currentTree +-- optimist@0.3.7
130 silly currentTree | `-- wordwrap@0.0.3
130 silly currentTree +-- optionator@0.8.1
130 silly currentTree +-- os-homedir@1.0.1
130 silly currentTree +-- os-tmpdir@1.0.1
130 silly currentTree +-- osenv@0.1.3
130 silly currentTree +-- path-array@1.0.1
130 silly currentTree +-- path-is-absolute@1.0.0
130 silly currentTree +-- path-is-inside@1.0.2
130 silly currentTree +-- pify@2.3.0
130 silly currentTree +-- pinkie-promise@2.0.1
130 silly currentTree +-- pinkie@2.0.4
130 silly currentTree +-- pluralize@1.2.1
130 silly currentTree +-- prelude-ls@1.1.2
130 silly currentTree +-- process-nextick-args@1.0.7
130 silly currentTree +-- progress@1.1.8
130 silly currentTree +-- promise@7.1.1
130 silly currentTree +-- qs@6.2.1
130 silly currentTree +-- react-addons-pure-render-mixin@15.3.1
130 silly currentTree +-- react-dom@15.3.1
130 silly currentTree +-- react-mounter@1.2.0
130 silly currentTree +-- react@15.3.1
130 silly currentTree +-- readable-stream@2.0.6
130 silly currentTree +-- readline2@1.0.1
130 silly currentTree +-- rebuild@0.1.2
130 silly currentTree +-- regenerator-runtime@0.9.5
130 silly currentTree +-- request@2.74.0
130 silly currentTree +-- require-uncached@1.0.2
130 silly currentTree +-- resolve-from@1.0.1
130 silly currentTree +-- restore-cursor@1.0.1
130 silly currentTree +-- rimraf@2.5.4
130 silly currentTree +-- run-async@0.1.0
130 silly currentTree +-- rx-lite@3.1.2
130 silly currentTree +-- semver@5.3.0
130 silly currentTree +-- set-blocking@2.0.0
130 silly currentTree +-- shelljs@0.6.1
130 silly currentTree +-- signal-exit@3.0.0
130 silly currentTree +-- slice-ansi@0.0.4
130 silly currentTree +-- sntp@1.0.9
130 silly currentTree +-- sprintf-js@1.0.3
130 silly currentTree +-- sshpk@1.10.0
130 silly currentTree | `-- assert-plus@1.0.0
130 silly currentTree +-- string_decoder@0.10.31
130 silly currentTree +-- string-width@1.0.2
130 silly currentTree +-- stringstream@0.0.5
130 silly currentTree +-- strip-ansi@3.0.1
130 silly currentTree +-- strip-bom@3.0.0
130 silly currentTree +-- strip-json-comments@1.0.4
130 silly currentTree +-- supports-color@2.0.0
130 silly currentTree +-- table@3.7.8
130 silly currentTree +-- tar@2.2.1
130 silly currentTree +-- text-table@0.2.0
130 silly currentTree +-- through@2.3.8
130 silly currentTree +-- tough-cookie@2.3.1
130 silly currentTree +-- tryit@1.0.2
130 silly currentTree +-- tunnel-agent@0.4.3
130 silly currentTree +-- tv4@1.2.7
130 silly currentTree +-- tweetnacl@0.13.3
130 silly currentTree +-- type-check@0.3.2
130 silly currentTree +-- typedarray@0.0.6
130 silly currentTree +-- ua-parser-js@0.7.10
130 silly currentTree +-- user-home@2.0.0
130 silly currentTree +-- util-deprecate@1.0.2
130 silly currentTree +-- verror@1.3.6
130 silly currentTree +-- whatwg-fetch@1.0.0
130 silly currentTree +-- which@1.2.11
130 silly currentTree +-- wide-align@1.1.0
130 silly currentTree +-- wordwrap@1.0.0
130 silly currentTree +-- wrappy@1.0.2
130 silly currentTree +-- write@0.2.1
130 silly currentTree +-- xregexp@3.1.1
130 silly currentTree `-- xtend@4.0.1
131 silly idealTree meteor-react@
131 silly idealTree +-- abbrev@1.0.9
131 silly idealTree +-- acorn-jsx@3.0.1
131 silly idealTree +-- acorn@3.3.0
131 silly idealTree +-- ansi-escapes@1.4.0
131 silly idealTree +-- ansi-regex@2.0.0
131 silly idealTree +-- ansi-styles@2.2.1
131 silly idealTree +-- aproba@1.0.4
131 silly idealTree +-- are-we-there-yet@1.1.2
131 silly idealTree +-- argparse@1.0.7
131 silly idealTree +-- array-index@1.0.0
131 silly idealTree +-- array-union@1.0.2
131 silly idealTree +-- array-uniq@1.0.3
131 silly idealTree +-- arrify@1.0.1
131 silly idealTree +-- asap@2.0.4
131 silly idealTree +-- asn1@0.2.3
131 silly idealTree +-- assert-plus@0.2.0
131 silly idealTree +-- async@2.0.1
131 silly idealTree +-- aws-sign2@0.6.0
131 silly idealTree +-- aws4@1.4.1
131 silly idealTree +-- babel-runtime@6.11.6
131 silly idealTree | `-- core-js@2.4.1
131 silly idealTree +-- balanced-match@0.4.2
131 silly idealTree +-- bcrypt-pbkdf@1.0.0
131 silly idealTree | `-- tweetnacl@0.14.3
131 silly idealTree +-- bcrypt@0.8.7
131 silly idealTree +-- bindings@1.2.1
131 silly idealTree +-- bl@1.1.2
131 silly idealTree +-- block-stream@0.0.9
131 silly idealTree +-- bluebird@3.4.6
131 silly idealTree +-- boom@2.10.1
131 silly idealTree +-- brace-expansion@1.1.6
131 silly idealTree +-- caller-path@0.1.0
131 silly idealTree +-- callsites@0.2.0
131 silly idealTree +-- caseless@0.11.0
131 silly idealTree +-- chalk@1.1.3
131 silly idealTree +-- circular-json@0.3.1
131 silly idealTree +-- classnames@2.2.5
131 silly idealTree +-- cli-cursor@1.0.2
131 silly idealTree +-- cli-width@2.1.0
131 silly idealTree +-- code-point-at@1.0.0
131 silly idealTree +-- combined-stream@1.0.5
131 silly idealTree +-- commander@2.9.0
131 silly idealTree +-- concat-map@0.0.1
131 silly idealTree +-- concat-stream@1.5.2
131 silly idealTree +-- console-control-strings@1.1.0
131 silly idealTree +-- core-js@1.2.7
131 silly idealTree +-- core-util-is@1.0.2
131 silly idealTree +-- cryptiles@2.0.5
131 silly idealTree +-- d@0.1.1
131 silly idealTree +-- dashdash@1.14.0
131 silly idealTree | `-- assert-plus@1.0.0
131 silly idealTree +-- debug@2.2.0
131 silly idealTree +-- deep-is@0.1.3
131 silly idealTree +-- del@2.2.2
131 silly idealTree +-- delayed-stream@1.0.0
131 silly idealTree +-- delegates@1.0.0
131 silly idealTree +-- doctrine@1.3.0
131 silly idealTree +-- domready@1.0.8
131 silly idealTree +-- ecc-jsbn@0.1.1
131 silly idealTree +-- encoding@0.1.12
131 silly idealTree +-- es5-ext@0.10.12
131 silly idealTree +-- es6-iterator@2.0.0
131 silly idealTree +-- es6-map@0.1.4
131 silly idealTree +-- es6-set@0.1.4
131 silly idealTree +-- es6-symbol@3.1.0
131 silly idealTree +-- es6-weak-map@2.0.1
131 silly idealTree +-- escape-string-regexp@1.0.5
131 silly idealTree +-- escope@3.6.0
131 silly idealTree +-- eslint-plugin-react@6.2.0
131 silly idealTree +-- eslint@3.5.0
131 silly idealTree +-- espree@3.1.7
131 silly idealTree +-- esprima@2.7.3
131 silly idealTree +-- esrecurse@4.1.0
131 silly idealTree | `-- estraverse@4.1.1
131 silly idealTree +-- estraverse@4.2.0
131 silly idealTree +-- esutils@2.0.2
131 silly idealTree +-- event-emitter@0.3.4
131 silly idealTree +-- exit-hook@1.1.1
131 silly idealTree +-- extend@3.0.0
131 silly idealTree +-- extsprintf@1.0.2
131 silly idealTree +-- fast-levenshtein@1.1.4
131 silly idealTree +-- fbjs@0.8.4
131 silly idealTree +-- figures@1.7.0
131 silly idealTree +-- file-entry-cache@2.0.0
131 silly idealTree +-- flat-cache@1.2.1
131 silly idealTree +-- forever-agent@0.6.1
131 silly idealTree +-- form-data@1.0.1
131 silly idealTree +-- fs.realpath@1.0.0
131 silly idealTree +-- fstream@1.0.10
131 silly idealTree +-- gauge@2.6.0
131 silly idealTree +-- generate-function@2.0.0
131 silly idealTree +-- generate-object-property@1.2.0
131 silly idealTree +-- getpass@0.1.6
131 silly idealTree | `-- assert-plus@1.0.0
131 silly idealTree +-- glob@7.0.6
131 silly idealTree +-- globals@9.10.0
131 silly idealTree +-- globby@5.0.0
131 silly idealTree +-- graceful-fs@4.1.6
131 silly idealTree +-- graceful-readlink@1.0.1
131 silly idealTree +-- har-validator@2.0.6
131 silly idealTree +-- has-ansi@2.0.0
131 silly idealTree +-- has-color@0.1.7
131 silly idealTree +-- has-unicode@2.0.1
131 silly idealTree +-- hawk@3.1.3
131 silly idealTree +-- hoek@2.16.3
131 silly idealTree +-- http-signature@1.1.1
131 silly idealTree +-- iconv-lite@0.4.13
131 silly idealTree +-- ignore@3.1.5
131 silly idealTree +-- immutable@3.8.1
131 silly idealTree +-- imurmurhash@0.1.4
131 silly idealTree +-- inflight@1.0.5
131 silly idealTree +-- inherits@2.0.3
131 silly idealTree +-- inquirer@0.12.0
131 silly idealTree +-- is-fullwidth-code-point@1.0.0
131 silly idealTree +-- is-my-json-valid@2.13.1
131 silly idealTree +-- is-path-cwd@1.0.0
131 silly idealTree +-- is-path-in-cwd@1.0.0
131 silly idealTree +-- is-path-inside@1.0.0
131 silly idealTree +-- is-property@1.0.2
131 silly idealTree +-- is-resolvable@1.0.0
131 silly idealTree +-- is-stream@1.1.0
131 silly idealTree +-- is-typedarray@1.0.0
131 silly idealTree +-- isarray@1.0.0
131 silly idealTree +-- isexe@1.1.2
131 silly idealTree +-- isomorphic-fetch@2.2.1
131 silly idealTree +-- isstream@0.1.2
131 silly idealTree +-- jodid25519@1.0.2
131 silly idealTree +-- js-tokens@1.0.3
131 silly idealTree +-- js-yaml@3.6.1
131 silly idealTree +-- jsbn@0.1.0
131 silly idealTree +-- json-schema@0.2.2
131 silly idealTree +-- json-stable-stringify@1.0.1
131 silly idealTree +-- json-stringify-safe@5.0.1
131 silly idealTree +-- jsonify@0.0.0
131 silly idealTree +-- jsonpointer@2.0.0
131 silly idealTree +-- jsprim@1.3.0
131 silly idealTree +-- jsx-ast-utils@1.3.1
131 silly idealTree +-- levn@0.3.0
131 silly idealTree +-- lodash@4.15.0
131 silly idealTree +-- loose-envify@1.2.0
131 silly idealTree +-- meteor-node-stubs@0.2.3
131 silly idealTree | +-- assert@1.3.0
131 silly idealTree | +-- browserify-zlib@0.1.4
131 silly idealTree | | `-- pako@0.2.8
131 silly idealTree | +-- buffer@4.5.1
131 silly idealTree | | +-- base64-js@1.1.2
131 silly idealTree | | +-- ieee754@1.1.6
131 silly idealTree | | `-- isarray@1.0.0
131 silly idealTree | +-- console-browserify@1.1.0
131 silly idealTree | | `-- date-now@0.1.4
131 silly idealTree | +-- constants-browserify@1.0.0
131 silly idealTree | +-- crypto-browserify@3.11.0
131 silly idealTree | | +-- browserify-cipher@1.0.0
131 silly idealTree | | | +-- browserify-aes@1.0.6
131 silly idealTree | | | | +-- buffer-xor@1.0.3
131 silly idealTree | | | | `-- cipher-base@1.0.2
131 silly idealTree | | | +-- browserify-des@1.0.0
131 silly idealTree | | | | +-- cipher-base@1.0.2
131 silly idealTree | | | | `-- des.js@1.0.0
131 silly idealTree | | | |   `-- minimalistic-assert@1.0.0
131 silly idealTree | | | `-- evp_bytestokey@1.0.0
131 silly idealTree | | +-- browserify-sign@4.0.0
131 silly idealTree | | | +-- bn.js@4.11.1
131 silly idealTree | | | +-- browserify-rsa@4.0.1
131 silly idealTree | | | +-- elliptic@6.2.3
131 silly idealTree | | | | +-- brorand@1.0.5
131 silly idealTree | | | | `-- hash.js@1.0.3
131 silly idealTree | | | `-- parse-asn1@5.0.0
131 silly idealTree | | |   +-- asn1.js@4.5.2
131 silly idealTree | | |   | `-- minimalistic-assert@1.0.0
131 silly idealTree | | |   +-- browserify-aes@1.0.6
131 silly idealTree | | |   | +-- buffer-xor@1.0.3
131 silly idealTree | | |   | `-- cipher-base@1.0.2
131 silly idealTree | | |   `-- evp_bytestokey@1.0.0
131 silly idealTree | | +-- create-ecdh@4.0.0
131 silly idealTree | | | +-- bn.js@4.11.1
131 silly idealTree | | | `-- elliptic@6.2.3
131 silly idealTree | | |   +-- brorand@1.0.5
131 silly idealTree | | |   `-- hash.js@1.0.3
131 silly idealTree | | +-- create-hash@1.1.2
131 silly idealTree | | | +-- cipher-base@1.0.2
131 silly idealTree | | | +-- ripemd160@1.0.1
131 silly idealTree | | | `-- sha.js@2.4.5
131 silly idealTree | | +-- create-hmac@1.1.4
131 silly idealTree | | +-- diffie-hellman@5.0.2
131 silly idealTree | | | +-- bn.js@4.11.1
131 silly idealTree | | | `-- miller-rabin@4.0.0
131 silly idealTree | | |   `-- brorand@1.0.5
131 silly idealTree | | +-- inherits@2.0.1
131 silly idealTree | | +-- pbkdf2@3.0.4
131 silly idealTree | | +-- public-encrypt@4.0.0
131 silly idealTree | | | +-- bn.js@4.11.1
131 silly idealTree | | | +-- browserify-rsa@4.0.1
131 silly idealTree | | | `-- parse-asn1@5.0.0
131 silly idealTree | | |   +-- asn1.js@4.5.2
131 silly idealTree | | |   | `-- minimalistic-assert@1.0.0
131 silly idealTree | | |   +-- browserify-aes@1.0.6
131 silly idealTree | | |   | +-- buffer-xor@1.0.3
131 silly idealTree | | |   | `-- cipher-base@1.0.2
131 silly idealTree | | |   `-- evp_bytestokey@1.0.0
131 silly idealTree | | `-- randombytes@2.0.3
131 silly idealTree | +-- domain-browser@1.1.7
131 silly idealTree | +-- events@1.1.0
131 silly idealTree | +-- http-browserify@1.7.0
131 silly idealTree | | +-- Base64@0.2.1
131 silly idealTree | | `-- inherits@2.0.1
131 silly idealTree | +-- https-browserify@0.0.1
131 silly idealTree | +-- os-browserify@0.2.1
131 silly idealTree | +-- path-browserify@0.0.0
131 silly idealTree | +-- process@0.11.2
131 silly idealTree | +-- punycode@1.4.1
131 silly idealTree | +-- querystring-es3@0.2.1
131 silly idealTree | +-- readable-stream@2.0.6
131 silly idealTree | | +-- core-util-is@1.0.2
131 silly idealTree | | +-- inherits@2.0.1
131 silly idealTree | | +-- isarray@1.0.0
131 silly idealTree | | +-- process-nextick-args@1.0.6
131 silly idealTree | | `-- util-deprecate@1.0.2
131 silly idealTree | +-- stream-browserify@2.0.1
131 silly idealTree | | `-- inherits@2.0.1
131 silly idealTree | +-- string_decoder@0.10.31
131 silly idealTree | +-- timers-browserify@1.4.2
131 silly idealTree | +-- tty-browserify@0.0.0
131 silly idealTree | +-- url@0.11.0
131 silly idealTree | | +-- punycode@1.3.2
131 silly idealTree | | `-- querystring@0.2.0
131 silly idealTree | +-- util@0.10.3
131 silly idealTree | | `-- inherits@2.0.1
131 silly idealTree | `-- vm-browserify@0.0.4
131 silly idealTree |   `-- indexof@0.0.1
131 silly idealTree +-- mime-db@1.23.0
131 silly idealTree +-- mime-types@2.1.11
131 silly idealTree +-- minimatch@3.0.3
131 silly idealTree +-- minimist@0.0.8
131 silly idealTree +-- mkdirp@0.5.1
131 silly idealTree +-- ms@0.7.1
131 silly idealTree +-- mute-stream@0.0.5
131 silly idealTree +-- nan@2.3.5
131 silly idealTree +-- natural-compare@1.4.0
131 silly idealTree +-- node-fetch@1.6.0
131 silly idealTree +-- node-gyp@3.4.0
131 silly idealTree +-- node-uuid@1.4.7
131 silly idealTree +-- nopt@3.0.6
131 silly idealTree +-- npmlog@3.1.2
131 silly idealTree +-- number-is-nan@1.0.0
131 silly idealTree +-- oauth-sign@0.8.2
131 silly idealTree +-- object-assign@4.1.0
131 silly idealTree +-- once@1.4.0
131 silly idealTree +-- onetime@1.1.0
131 silly idealTree +-- optimist@0.3.7
131 silly idealTree | `-- wordwrap@0.0.3
131 silly idealTree +-- optionator@0.8.1
131 silly idealTree +-- os-homedir@1.0.1
131 silly idealTree +-- os-tmpdir@1.0.1
131 silly idealTree +-- osenv@0.1.3
131 silly idealTree +-- path-array@1.0.1
131 silly idealTree +-- path-is-absolute@1.0.0
131 silly idealTree +-- path-is-inside@1.0.2
131 silly idealTree +-- pify@2.3.0
131 silly idealTree +-- pinkie-promise@2.0.1
131 silly idealTree +-- pinkie@2.0.4
131 silly idealTree +-- pluralize@1.2.1
131 silly idealTree +-- prelude-ls@1.1.2
131 silly idealTree +-- process-nextick-args@1.0.7
131 silly idealTree +-- progress@1.1.8
131 silly idealTree +-- promise@7.1.1
131 silly idealTree +-- qs@6.2.1
131 silly idealTree +-- react-addons-pure-render-mixin@15.3.1
131 silly idealTree +-- react-dom@15.3.1
131 silly idealTree +-- react-mounter@1.2.0
131 silly idealTree +-- react@15.3.1
131 silly idealTree +-- readable-stream@2.0.6
131 silly idealTree +-- readline2@1.0.1
131 silly idealTree +-- rebuild@0.1.2
131 silly idealTree +-- regenerator-runtime@0.9.5
131 silly idealTree +-- request@2.74.0
131 silly idealTree +-- require-uncached@1.0.2
131 silly idealTree +-- resolve-from@1.0.1
131 silly idealTree +-- restore-cursor@1.0.1
131 silly idealTree +-- rimraf@2.5.4
131 silly idealTree +-- run-async@0.1.0
131 silly idealTree +-- rx-lite@3.1.2
131 silly idealTree +-- semver@5.3.0
131 silly idealTree +-- set-blocking@2.0.0
131 silly idealTree +-- shelljs@0.6.1
131 silly idealTree +-- signal-exit@3.0.0
131 silly idealTree +-- slice-ansi@0.0.4
131 silly idealTree +-- sntp@1.0.9
131 silly idealTree +-- sprintf-js@1.0.3
131 silly idealTree +-- sshpk@1.10.0
131 silly idealTree | `-- assert-plus@1.0.0
131 silly idealTree +-- string_decoder@0.10.31
131 silly idealTree +-- string-width@1.0.2
131 silly idealTree +-- stringstream@0.0.5
131 silly idealTree +-- strip-ansi@3.0.1
131 silly idealTree +-- strip-bom@3.0.0
131 silly idealTree +-- strip-json-comments@1.0.4
131 silly idealTree +-- supports-color@2.0.0
131 silly idealTree +-- table@3.7.8
131 silly idealTree +-- tar@2.2.1
131 silly idealTree +-- text-table@0.2.0
131 silly idealTree +-- through@2.3.8
131 silly idealTree +-- tough-cookie@2.3.1
131 silly idealTree +-- tryit@1.0.2
131 silly idealTree +-- tunnel-agent@0.4.3
131 silly idealTree +-- tv4@1.2.7
131 silly idealTree +-- tweetnacl@0.13.3
131 silly idealTree +-- type-check@0.3.2
131 silly idealTree +-- typedarray@0.0.6
131 silly idealTree +-- ua-parser-js@0.7.10
131 silly idealTree +-- user-home@2.0.0
131 silly idealTree +-- util-deprecate@1.0.2
131 silly idealTree +-- verror@1.3.6
131 silly idealTree +-- whatwg-fetch@1.0.0
131 silly idealTree +-- which@1.2.11
131 silly idealTree +-- wide-align@1.1.0
131 silly idealTree +-- wordwrap@1.0.0
131 silly idealTree +-- wrappy@1.0.2
131 silly idealTree +-- write@0.2.1
131 silly idealTree +-- xregexp@3.1.1
131 silly idealTree `-- xtend@4.0.1
132 silly generateActionsToTake Starting
133 silly install generateActionsToTake
134 silly generateActionsToTake Finishing
135 silly diffTrees action count 3
136 silly diffTrees add bindings@1.2.1
137 silly diffTrees add nan@2.3.5
138 silly diffTrees add bcrypt@0.8.7
139 silly decomposeActions action count 24
140 silly decomposeActions fetch bindings@1.2.1
141 silly decomposeActions extract bindings@1.2.1
142 silly decomposeActions test bindings@1.2.1
143 silly decomposeActions preinstall bindings@1.2.1
144 silly decomposeActions build bindings@1.2.1
145 silly decomposeActions install bindings@1.2.1
146 silly decomposeActions postinstall bindings@1.2.1
147 silly decomposeActions finalize bindings@1.2.1
148 silly decomposeActions fetch nan@2.3.5
149 silly decomposeActions extract nan@2.3.5
150 silly decomposeActions test nan@2.3.5
151 silly decomposeActions preinstall nan@2.3.5
152 silly decomposeActions build nan@2.3.5
153 silly decomposeActions install nan@2.3.5
154 silly decomposeActions postinstall nan@2.3.5
155 silly decomposeActions finalize nan@2.3.5
156 silly decomposeActions fetch bcrypt@0.8.7
157 silly decomposeActions extract bcrypt@0.8.7
158 silly decomposeActions test bcrypt@0.8.7
159 silly decomposeActions preinstall bcrypt@0.8.7
160 silly decomposeActions build bcrypt@0.8.7
161 silly decomposeActions install bcrypt@0.8.7
162 silly decomposeActions postinstall bcrypt@0.8.7
163 silly decomposeActions finalize bcrypt@0.8.7
164 silly executeActions Starting
165 silly install executeActions
166 silly doSerial global-install 0
167 silly doParallel fetch 3
168 verbose correctMkdir C:\Users\chicl\AppData\Roaming\npm-cache\_locks correctMkdir not in flight; initializing
169 verbose lock using C:\Users\chicl\AppData\Roaming\npm-cache\_locks\staging-0e6338acabfb95dc.lock for E:\git\meteor-react\node_modules\.staging
170 silly doParallel extract 3
171 silly extract bindings@1.2.1
172 silly extract nan@2.3.5
173 silly extract bcrypt@0.8.7
174 verbose unbuild node_modules\.staging\bindings-02d67846
175 verbose unbuild node_modules\.staging\nan-6a31a22a
176 verbose unbuild node_modules\.staging\bcrypt-6a4377d3
177 silly gentlyRm E:\git\meteor-react\node_modules\.staging\bindings-02d67846 is being purged from base E:\git\meteor-react
178 verbose gentlyRm don't care about contents; nuking E:\git\meteor-react\node_modules\.staging\bindings-02d67846
179 silly gentlyRm E:\git\meteor-react\node_modules\.staging\nan-6a31a22a is being purged from base E:\git\meteor-react
180 verbose gentlyRm don't care about contents; nuking E:\git\meteor-react\node_modules\.staging\nan-6a31a22a
181 verbose tar unpack C:\Users\chicl\AppData\Roaming\npm-cache\bindings\1.2.1\package.tgz
182 verbose tar unpacking to E:\git\meteor-react\node_modules\.staging\bindings-02d67846
183 silly gentlyRm E:\git\meteor-react\node_modules\.staging\bindings-02d67846 is being purged
184 verbose gentlyRm don't care about contents; nuking E:\git\meteor-react\node_modules\.staging\bindings-02d67846
185 silly gentlyRm E:\git\meteor-react\node_modules\.staging\bcrypt-6a4377d3 is being purged from base E:\git\meteor-react
186 verbose gentlyRm don't care about contents; nuking E:\git\meteor-react\node_modules\.staging\bcrypt-6a4377d3
187 verbose tar unpack C:\Users\chicl\AppData\Roaming\npm-cache\nan\2.3.5\package.tgz
188 verbose tar unpacking to E:\git\meteor-react\node_modules\.staging\nan-6a31a22a
189 silly gentlyRm E:\git\meteor-react\node_modules\.staging\nan-6a31a22a is being purged
190 verbose gentlyRm don't care about contents; nuking E:\git\meteor-react\node_modules\.staging\nan-6a31a22a
191 silly gunzTarPerm modes [ '777', '666' ]
192 verbose tar unpack C:\Users\chicl\AppData\Roaming\npm-cache\bcrypt\0.8.7\package.tgz
193 verbose tar unpacking to E:\git\meteor-react\node_modules\.staging\bcrypt-6a4377d3
194 silly gentlyRm E:\git\meteor-react\node_modules\.staging\bcrypt-6a4377d3 is being purged
195 verbose gentlyRm don't care about contents; nuking E:\git\meteor-react\node_modules\.staging\bcrypt-6a4377d3
196 silly gunzTarPerm modes [ '777', '666' ]
197 silly gunzTarPerm modes [ '777', '666' ]
198 silly gunzTarPerm extractEntry package.json
199 silly gunzTarPerm modified mode [ 'package.json', 420, 438 ]
200 silly gunzTarPerm extractEntry package.json
201 silly gunzTarPerm modified mode [ 'package.json', 436, 438 ]
202 silly gunzTarPerm extractEntry package.json
203 silly gunzTarPerm modified mode [ 'package.json', 420, 438 ]
204 silly gunzTarPerm extractEntry README.md
205 silly gunzTarPerm modified mode [ 'README.md', 420, 438 ]
206 silly gunzTarPerm extractEntry bindings.js
207 silly gunzTarPerm modified mode [ 'bindings.js', 420, 438 ]
208 silly gunzTarPerm extractEntry README.md
209 silly gunzTarPerm modified mode [ 'README.md', 436, 438 ]
210 silly gunzTarPerm extractEntry .npmignore
211 silly gunzTarPerm modified mode [ '.npmignore', 420, 438 ]
212 silly gunzTarPerm extractEntry README.md
213 silly gunzTarPerm modified mode [ 'README.md', 420, 438 ]
214 silly gunzTarPerm extractEntry include_dirs.js
215 silly gunzTarPerm modified mode [ 'include_dirs.js', 436, 438 ]
216 silly gunzTarPerm extractEntry nan_converters.h
217 silly gunzTarPerm modified mode [ 'nan_converters.h', 436, 438 ]
218 silly gunzTarPerm extractEntry LICENSE.md
219 silly gunzTarPerm modified mode [ 'LICENSE.md', 436, 438 ]
220 silly gunzTarPerm extractEntry doc/node_misc.md
221 silly gunzTarPerm modified mode [ 'doc/node_misc.md', 436, 438 ]
222 silly gunzTarPerm extractEntry LICENSE
223 silly gunzTarPerm modified mode [ 'LICENSE', 420, 438 ]
224 silly gunzTarPerm extractEntry bcrypt.js
225 silly gunzTarPerm modified mode [ 'bcrypt.js', 420, 438 ]
226 silly gunzTarPerm extractEntry Makefile
227 silly gunzTarPerm modified mode [ 'Makefile', 420, 438 ]
228 silly gunzTarPerm extractEntry .travis.yml
229 silly gunzTarPerm modified mode [ '.travis.yml', 420, 438 ]
230 silly gunzTarPerm extractEntry CHANGELOG.md
231 silly gunzTarPerm modified mode [ 'CHANGELOG.md', 420, 438 ]
232 silly gunzTarPerm extractEntry binding.gyp
233 silly gunzTarPerm modified mode [ 'binding.gyp', 420, 438 ]
234 silly gunzTarPerm extractEntry examples/async_compare.js
235 silly gunzTarPerm modified mode [ 'examples/async_compare.js', 420, 438 ]
236 silly gunzTarPerm extractEntry examples/forever_gen_salt.js
237 silly gunzTarPerm modified mode [ 'examples/forever_gen_salt.js', 420, 438 ]
238 silly gunzTarPerm extractEntry test/async.js
239 silly gunzTarPerm modified mode [ 'test/async.js', 420, 438 ]
240 silly gunzTarPerm extractEntry test/repetitions.js
241 silly gunzTarPerm modified mode [ 'test/repetitions.js', 420, 438 ]
242 silly gunzTarPerm extractEntry test/sync.js
243 silly gunzTarPerm modified mode [ 'test/sync.js', 420, 438 ]
244 silly gunzTarPerm extractEntry ISSUE_TEMPLATE.md
245 silly gunzTarPerm modified mode [ 'ISSUE_TEMPLATE.md', 420, 438 ]
246 silly gunzTarPerm extractEntry src/bcrypt.cc
247 silly gunzTarPerm modified mode [ 'src/bcrypt.cc', 420, 438 ]
248 silly gunzTarPerm extractEntry src/bcrypt_node.cc
249 silly gunzTarPerm modified mode [ 'src/bcrypt_node.cc', 420, 438 ]
250 silly gunzTarPerm extractEntry src/blowfish.cc
251 silly gunzTarPerm modified mode [ 'src/blowfish.cc', 420, 438 ]
252 silly gunzTarPerm extractEntry src/node_blf.h
253 silly gunzTarPerm modified mode [ 'src/node_blf.h', 420, 438 ]
254 silly gunzTarPerm extractEntry werker.yml
255 silly gunzTarPerm modified mode [ 'werker.yml', 420, 438 ]
256 silly gunzTarPerm extractEntry doc/asyncworker.md
257 silly gunzTarPerm modified mode [ 'doc/asyncworker.md', 436, 438 ]
258 silly gunzTarPerm extractEntry doc/callback.md
259 silly gunzTarPerm modified mode [ 'doc/callback.md', 436, 438 ]
260 silly gunzTarPerm extractEntry doc/converters.md
261 silly gunzTarPerm modified mode [ 'doc/converters.md', 436, 438 ]
262 silly gunzTarPerm extractEntry doc/errors.md
263 silly gunzTarPerm modified mode [ 'doc/errors.md', 436, 438 ]
264 silly gunzTarPerm extractEntry doc/maybe_types.md
265 silly gunzTarPerm modified mode [ 'doc/maybe_types.md', 436, 438 ]
266 silly gunzTarPerm extractEntry doc/methods.md
267 silly gunzTarPerm modified mode [ 'doc/methods.md', 436, 438 ]
268 silly gunzTarPerm extractEntry doc/new.md
269 silly gunzTarPerm modified mode [ 'doc/new.md', 436, 438 ]
270 silly gentlyRm E:\git\meteor-react\node_modules\.staging\bindings-02d67846\node_modules is being purged
271 verbose gentlyRm don't care about contents; nuking E:\git\meteor-react\node_modules\.staging\bindings-02d67846\node_modules
272 silly gunzTarPerm extractEntry doc/buffers.md
273 silly gunzTarPerm modified mode [ 'doc/buffers.md', 436, 438 ]
274 silly gunzTarPerm extractEntry doc/object_wrappers.md
275 silly gunzTarPerm modified mode [ 'doc/object_wrappers.md', 436, 438 ]
276 silly gunzTarPerm extractEntry doc/persistent.md
277 silly gunzTarPerm modified mode [ 'doc/persistent.md', 436, 438 ]
278 silly gunzTarPerm extractEntry doc/scopes.md
279 silly gunzTarPerm modified mode [ 'doc/scopes.md', 436, 438 ]
280 silly gunzTarPerm extractEntry doc/script.md
281 silly gunzTarPerm modified mode [ 'doc/script.md', 436, 438 ]
282 silly gunzTarPerm extractEntry doc/string_bytes.md
283 silly gunzTarPerm modified mode [ 'doc/string_bytes.md', 436, 438 ]
284 silly gunzTarPerm extractEntry doc/v8_internals.md
285 silly gunzTarPerm modified mode [ 'doc/v8_internals.md', 436, 438 ]
286 silly gunzTarPerm extractEntry doc/v8_misc.md
287 silly gunzTarPerm modified mode [ 'doc/v8_misc.md', 436, 438 ]
288 silly gunzTarPerm extractEntry nan.h
289 silly gunzTarPerm modified mode [ 'nan.h', 436, 438 ]
290 silly gunzTarPerm extractEntry nan_callbacks.h
291 silly gunzTarPerm modified mode [ 'nan_callbacks.h', 436, 438 ]
292 silly gunzTarPerm extractEntry nan_callbacks_12_inl.h
293 silly gunzTarPerm modified mode [ 'nan_callbacks_12_inl.h', 436, 438 ]
294 silly gunzTarPerm extractEntry nan_callbacks_pre_12_inl.h
295 silly gunzTarPerm modified mode [ 'nan_callbacks_pre_12_inl.h', 436, 438 ]
296 silly gunzTarPerm extractEntry nan_converters_43_inl.h
297 silly gunzTarPerm modified mode [ 'nan_converters_43_inl.h', 436, 438 ]
298 silly gunzTarPerm extractEntry nan_converters_pre_43_inl.h
299 silly gunzTarPerm modified mode [ 'nan_converters_pre_43_inl.h', 436, 438 ]
300 silly gunzTarPerm extractEntry nan_implementation_12_inl.h
301 silly gunzTarPerm modified mode [ 'nan_implementation_12_inl.h', 436, 438 ]
302 silly gunzTarPerm extractEntry nan_implementation_pre_12_inl.h
303 silly gunzTarPerm modified mode [ 'nan_implementation_pre_12_inl.h', 436, 438 ]
304 silly gunzTarPerm extractEntry nan_maybe_43_inl.h
305 silly gunzTarPerm modified mode [ 'nan_maybe_43_inl.h', 436, 438 ]
306 silly gunzTarPerm extractEntry nan_maybe_pre_43_inl.h
307 silly gunzTarPerm modified mode [ 'nan_maybe_pre_43_inl.h', 436, 438 ]
308 silly gunzTarPerm extractEntry nan_new.h
309 silly gunzTarPerm modified mode [ 'nan_new.h', 436, 438 ]
310 silly gunzTarPerm extractEntry nan_object_wrap.h
311 silly gunzTarPerm modified mode [ 'nan_object_wrap.h', 436, 438 ]
312 silly gunzTarPerm extractEntry nan_persistent_12_inl.h
313 silly gunzTarPerm modified mode [ 'nan_persistent_12_inl.h', 436, 438 ]
314 silly gunzTarPerm extractEntry nan_persistent_pre_12_inl.h
315 silly gunzTarPerm modified mode [ 'nan_persistent_pre_12_inl.h', 436, 438 ]
316 silly gunzTarPerm extractEntry nan_string_bytes.h
317 silly gunzTarPerm modified mode [ 'nan_string_bytes.h', 436, 438 ]
318 silly gunzTarPerm extractEntry nan_typedarray_contents.h
319 silly gunzTarPerm modified mode [ 'nan_typedarray_contents.h', 436, 438 ]
320 silly gunzTarPerm extractEntry nan_weak.h
321 silly gunzTarPerm modified mode [ 'nan_weak.h', 436, 438 ]
322 silly gunzTarPerm extractEntry CHANGELOG.md
323 silly gunzTarPerm modified mode [ 'CHANGELOG.md', 436, 438 ]
324 silly gunzTarPerm extractEntry tools/package.json
325 silly gunzTarPerm modified mode [ 'tools/package.json', 436, 438 ]
326 silly gunzTarPerm extractEntry tools/README.md
327 silly gunzTarPerm modified mode [ 'tools/README.md', 436, 438 ]
328 silly gunzTarPerm extractEntry tools/1to2.js
329 silly gunzTarPerm modified mode [ 'tools/1to2.js', 509, 511 ]
330 silly gentlyRm E:\git\meteor-react\node_modules\.staging\bcrypt-6a4377d3\node_modules is being purged
331 verbose gentlyRm don't care about contents; nuking E:\git\meteor-react\node_modules\.staging\bcrypt-6a4377d3\node_modules
332 silly gentlyRm E:\git\meteor-react\node_modules\.staging\nan-6a31a22a\node_modules is being purged
333 verbose gentlyRm don't care about contents; nuking E:\git\meteor-react\node_modules\.staging\nan-6a31a22a\node_modules
334 silly doParallel preinstall 3
335 silly preinstall bindings@1.2.1 E:\git\meteor-react\node_modules\.staging\bindings-02d67846
336 info lifecycle bindings@1.2.1~preinstall: bindings@1.2.1
337 silly preinstall nan@2.3.5 E:\git\meteor-react\node_modules\.staging\nan-6a31a22a
338 info lifecycle nan@2.3.5~preinstall: nan@2.3.5
339 silly preinstall bcrypt@0.8.7 E:\git\meteor-react\node_modules\.staging\bcrypt-6a4377d3
340 info lifecycle bcrypt@0.8.7~preinstall: bcrypt@0.8.7
341 silly lifecycle bindings@1.2.1~preinstall: no script for preinstall, continuing
342 silly lifecycle nan@2.3.5~preinstall: no script for preinstall, continuing
343 silly lifecycle bcrypt@0.8.7~preinstall: no script for preinstall, continuing
344 silly doReverseSerial remove 0
345 silly doSerial move 0
346 silly doSerial finalize 3
347 silly finalize E:\git\meteor-react\node_modules\bindings
348 silly finalize E:\git\meteor-react\node_modules\nan
349 silly finalize E:\git\meteor-react\node_modules\bcrypt
350 silly doSerial build 3
351 silly build bindings@1.2.1
352 info linkStuff bindings@1.2.1
353 silly linkStuff bindings@1.2.1 has E:\git\meteor-react\node_modules as its parent node_modules
354 verbose linkBins bindings@1.2.1
355 verbose linkMans bindings@1.2.1
356 silly build nan@2.3.5
357 info linkStuff nan@2.3.5
358 silly linkStuff nan@2.3.5 has E:\git\meteor-react\node_modules as its parent node_modules
359 verbose linkBins nan@2.3.5
360 verbose linkMans nan@2.3.5
361 silly build bcrypt@0.8.7
362 info linkStuff bcrypt@0.8.7
363 silly linkStuff bcrypt@0.8.7 has E:\git\meteor-react\node_modules as its parent node_modules
364 verbose linkBins bcrypt@0.8.7
365 verbose linkMans bcrypt@0.8.7
366 silly doSerial global-link 0
367 silly doParallel update-linked 0
368 silly doSerial install 3
369 silly install bindings@1.2.1 E:\git\meteor-react\node_modules\.staging\bindings-02d67846
370 info lifecycle bindings@1.2.1~install: bindings@1.2.1
371 silly lifecycle bindings@1.2.1~install: no script for install, continuing
372 silly install nan@2.3.5 E:\git\meteor-react\node_modules\.staging\nan-6a31a22a
373 info lifecycle nan@2.3.5~install: nan@2.3.5
374 silly lifecycle nan@2.3.5~install: no script for install, continuing
375 silly install bcrypt@0.8.7 E:\git\meteor-react\node_modules\.staging\bcrypt-6a4377d3
376 info lifecycle bcrypt@0.8.7~install: bcrypt@0.8.7
377 verbose lifecycle bcrypt@0.8.7~install: unsafe-perm in lifecycle true
378 verbose lifecycle bcrypt@0.8.7~install: PATH: C:\Users\chicl\AppData\Local\.meteor\packages\meteor-tool\1.4.1_1\mt-os.windows.x86_32\dev_bundle\lib\node_modules\npm\bin\node-gyp-bin;E:\git\meteor-react\node_modules\bcrypt\node_modules\.bin;E:\git\meteor-react\node_modules\.bin;C:\Users\chicl\AppData\Local\.meteor\packages\meteor-tool\1.4.1_1\mt-os.windows.x86_32\dev_bundle\bin;C:\Users\chicl\AppData\Local\.meteor\packages\meteor-tool\1.4.1_1\mt-os.windows.x86_32\dev_bundle\lib\node_modules\.bin;C:\Program Files\ConEmu\ConEmu\Scripts;C:\Program Files\ConEmu;C:\Program Files\ConEmu\ConEmu;C:\WINDOWS\system32;C:\WINDOWS;C:\WINDOWS\System32\Wbem;C:\WINDOWS\System32\WindowsPowerShell\v1.0\;C:\Program Files\Git\cmd;C:\Program Files\nodejs\;C:\Program Files (x86)\Heroku\bin;C:\Program Files (x86)\git\cmd;C:\Program Files (x86)\Git\cmd;C:\Users\chicl\AppData\Local\Programs\Python\Python35-32\Scripts\;C:\Users\chicl\AppData\Local\Programs\Python\Python35-32\Scripts\;C:\Users\chicl\AppData\Local\Programs\Python\Python35-32\;C:\Users\chicl\AppData\Local\Microsoft\WindowsApps;C:\Program Files (x86)\Microsoft VS Code\bin;C:\Users\chicl\AppData\Roaming\npm;C:\mongodb\bin;C:\Users\chicl\AppData\Local\.meteor\
379 verbose lifecycle bcrypt@0.8.7~install: CWD: E:\git\meteor-react\node_modules\bcrypt
380 silly lifecycle bcrypt@0.8.7~install: Args: [ '/d /s /c', 'node-gyp rebuild' ]
381 silly lifecycle bcrypt@0.8.7~install: Returned: code: 1  signal: null
382 info lifecycle bcrypt@0.8.7~install: Failed to exec install script
383 verbose unlock done using C:\Users\chicl\AppData\Roaming\npm-cache\_locks\staging-0e6338acabfb95dc.lock for E:\git\meteor-react\node_modules\.staging
384 silly rollbackFailedOptional Starting
385 silly rollbackFailedOptional Finishing
386 silly runTopLevelLifecycles Starting
387 silly runTopLevelLifecycles Finishing
388 silly install printInstalled
389 verbose stack Error: bcrypt@0.8.7 install: `node-gyp rebuild`
389 verbose stack Exit status 1
389 verbose stack     at EventEmitter.<anonymous> (C:\Users\chicl\AppData\Local\.meteor\packages\meteor-tool\1.4.1_1\mt-os.windows.x86_32\dev_bundle\lib\node_modules\npm\lib\utils\lifecycle.js:255:16)
389 verbose stack     at emitTwo (events.js:87:13)
389 verbose stack     at EventEmitter.emit (events.js:172:7)
389 verbose stack     at ChildProcess.<anonymous> (C:\Users\chicl\AppData\Local\.meteor\packages\meteor-tool\1.4.1_1\mt-os.windows.x86_32\dev_bundle\lib\node_modules\npm\lib\utils\spawn.js:40:14)
389 verbose stack     at emitTwo (events.js:87:13)
389 verbose stack     at ChildProcess.emit (events.js:172:7)
389 verbose stack     at maybeClose (internal/child_process.js:829:16)
389 verbose stack     at Process.ChildProcess._handle.onexit (internal/child_process.js:211:5)
390 verbose pkgid bcrypt@0.8.7
391 verbose cwd E:\git\meteor-react
392 error Windows_NT 10.0.14393
393 error argv "C:\\Users\\chicl\\AppData\\Local\\.meteor\\packages\\meteor-tool\\1.4.1_1\\mt-os.windows.x86_32\\dev_bundle\\bin\\node.exe" "C:\\Users\\chicl\\AppData\\Local\\.meteor\\packages\\meteor-tool\\1.4.1_1\\mt-os.windows.x86_32\\dev_bundle\\lib\\node_modules\\npm\\bin\\npm-cli.js" "install" "--save" "bcrypt"
394 error node v4.5.0
395 error npm  v3.10.6
396 error code ELIFECYCLE
397 error bcrypt@0.8.7 install: `node-gyp rebuild`
397 error Exit status 1
398 error Failed at the bcrypt@0.8.7 install script 'node-gyp rebuild'.
398 error Make sure you have the latest version of node.js and npm installed.
398 error If you do, this is most likely a problem with the bcrypt package,
398 error not with npm itself.
398 error Tell the author that this fails on your system:
398 error     node-gyp rebuild
398 error You can get information on how to open an issue for this project with:
398 error     npm bugs bcrypt
398 error Or if that isn't available, you can get their info via:
398 error     npm owner ls bcrypt
398 error There is likely additional logging output above.
399 verbose exit [ 1, true ]
